INFO - Starting training with config: n_samples=1000, normalization=l2
INFO - Logs will be saved to: /home/licho/.programming/UNI/WSI/lab_5/outputs/sigmoid_l1_run_03-35/training.log
INFO - Starting neural network training with CUDA propagation...
INFO - Training neural network for 1000 epochs with learning_rate=0.1
INFO - Using Sigmoid activation in hidden layer
INFO - Running on: CPU
INFO - Epoch 0, Average Loss: 0.127346
INFO - Epoch 100, Average Loss: 0.003442
INFO - Epoch 200, Average Loss: 0.002655
INFO - Epoch 300, Average Loss: 0.002236
INFO - Epoch 400, Average Loss: 0.001949
INFO - Epoch 500, Average Loss: 0.001724
INFO - Epoch 600, Average Loss: 0.001533
INFO - Epoch 700, Average Loss: 0.001365
INFO - Epoch 800, Average Loss: 0.001222
INFO - Epoch 900, Average Loss: 0.001113
INFO - Training completed. Final loss: 0.001035
INFO - Final predictions vs targets:
INFO - Sample 0: Input=[-0.6756695   0.73720473], Target=0.0000, Prediction=0.0000
INFO - Sample 1: Input=[-0.7791684  -0.62681454], Target=1.0000, Prediction=1.0000
INFO - Sample 2: Input=[-0.99770904  0.06765132], Target=0.0000, Prediction=0.0000
INFO - Sample 3: Input=[ 0.7096997 -0.7045044], Target=0.0000, Prediction=0.0000
INFO - Sample 4: Input=[-0.99623275 -0.08671995], Target=1.0000, Prediction=1.0000
INFO - Sample 5: Input=[0.8168669 0.5768262], Target=1.0000, Prediction=1.0000
INFO - Sample 6: Input=[ 0.8754357  -0.48333454], Target=0.0000, Prediction=0.0000
INFO - Sample 7: Input=[0.3175569 0.9482392], Target=1.0000, Prediction=1.0000
INFO - Sample 8: Input=[ 0.51358986 -0.85803574], Target=0.0000, Prediction=0.0000
INFO - Sample 9: Input=[ 0.95793056 -0.28700024], Target=0.0000, Prediction=0.0000
INFO - Neural network training completed successfully!
