INFO - Starting training with config: n_samples=1000, normalization=l2
INFO - Logs will be saved to: /home/licho/.programming/UNI/WSI/lab_5/outputs/sigmoid_l2_run_03-45/sigmoid_l2_run.log
INFO - Starting neural network training with CUDA propagation...
INFO - Training neural network for 2000 epochs with learning_rate=0.15
INFO - Using Sigmoid activation in hidden layer
INFO - Running on: CPU
INFO - Epoch 0, Average Loss: 0.128588
INFO - Epoch 100, Average Loss: 0.003142
INFO - Epoch 200, Average Loss: 0.002801
INFO - Epoch 300, Average Loss: 0.002597
INFO - Epoch 400, Average Loss: 0.002485
INFO - Epoch 500, Average Loss: 0.002389
INFO - Epoch 600, Average Loss: 0.002292
INFO - Epoch 700, Average Loss: 0.002192
INFO - Epoch 800, Average Loss: 0.002102
INFO - Epoch 900, Average Loss: 0.002026
INFO - Epoch 1000, Average Loss: 0.001963
INFO - Epoch 1100, Average Loss: 0.001909
INFO - Epoch 1200, Average Loss: 0.001863
INFO - Epoch 1300, Average Loss: 0.001823
INFO - Epoch 1400, Average Loss: 0.001787
INFO - Epoch 1500, Average Loss: 0.001755
INFO - Epoch 1600, Average Loss: 0.001726
INFO - Epoch 1700, Average Loss: 0.001701
INFO - Epoch 1800, Average Loss: 0.001678
INFO - Epoch 1900, Average Loss: 0.001657
INFO - Training completed. Final loss: 0.001639
INFO - Final predictions vs targets:
INFO - Sample 0: Input=[0.8411697 0.5407713], Target=1.0000, Prediction=1.0000
INFO - Sample 1: Input=[-0.74004513 -0.6725573 ], Target=1.0000, Prediction=1.0000
INFO - Sample 2: Input=[0.97718173 0.212405  ], Target=1.0000, Prediction=1.0000
INFO - Sample 3: Input=[ 0.08699372 -0.9962089 ], Target=0.0000, Prediction=0.0000
INFO - Sample 4: Input=[-0.57183194 -0.82037073], Target=1.0000, Prediction=1.0000
INFO - Sample 5: Input=[0.5744885 0.8185127], Target=1.0000, Prediction=1.0000
INFO - Sample 6: Input=[-0.39503226  0.91866726], Target=0.0000, Prediction=0.0000
INFO - Sample 7: Input=[-0.9122586   0.40961483], Target=0.0000, Prediction=0.0000
INFO - Sample 8: Input=[0.98835766 0.15214878], Target=1.0000, Prediction=1.0000
INFO - Sample 9: Input=[-0.1898396  -0.98181516], Target=1.0000, Prediction=1.0000
INFO - Neural network training completed successfully!
